2025-06-28 15:44:13,476 - __main__ - INFO - Финансовый бот запущен
2025-06-28 16:43:50,543 - __main__ - INFO - Финансовый бот запущен
2025-06-28 16:58:18,199 - __main__ - ERROR - Файл вопросов questions_succ.csv не найден
2025-06-28 16:58:18,223 - __main__ - INFO - Финансовый бот запущен
2025-06-28 16:59:53,988 - __main__ - ERROR - Файл вопросов questions_succ.csv не найден
2025-06-28 16:59:54,012 - __main__ - INFO - Финансовый бот запущен
2025-06-28 17:00:39,677 - __main__ - INFO - Финансовый бот запущен
2025-06-28 18:10:52,041 - __main__ - INFO - Финансовый бот запущен
2025-08-03 07:39:27,319 - __main__ - INFO - Финансовый бот запущен
2025-08-03 07:39:58,337 - __main__ - ERROR - Ошибка при показе предложения подписки: 'CallbackQuery' object has no attribute 'callback_query'
2025-08-03 07:39:58,342 - __main__ - ERROR - Ошибка обработки ответа: 'CallbackQuery' object has no attribute 'callback_query'
2025-08-03 07:44:50,954 - __main__ - INFO - Финансовый бот запущен
2025-08-03 07:45:21,227 - __main__ - ERROR - Ошибка при показе предложения подписки: There is no text in the message to edit
2025-08-03 07:47:50,211 - __main__ - ERROR - Критическая ошибка: 'FinanceBot' object has no attribute 'run'
2025-08-03 07:59:53,986 - __main__ - INFO - Финансовый бот запущен
2025-08-03 08:00:16,166 - __main__ - ERROR - Ошибка при показе экрана подписки: There is no text in the message to edit
2025-08-03 08:02:47,204 - __main__ - ERROR - Ошибка при показе экрана подписки: There is no text in the message to edit
2025-08-03 08:13:34,109 - __main__ - INFO - Финансовый бот запущен
2025-08-03 08:19:14,165 - __main__ - INFO - Финансовый бот запущен
2025-08-03 08:24:06,936 - __main__ - INFO - Финансовый бот запущен
2025-08-03 08:26:59,402 - __main__ - INFO - Финансовый бот запущен
